<?xml version="1.0" encoding="UTF-8"?>
<testng-results skipped="0" failed="0" ignored="0" total="1" passed="1">
  <reporter-output>
  </reporter-output>
  <suite name="Default suite" duration-ms="14915" started-at="2019-06-06T10:57:11Z" finished-at="2019-06-06T10:57:26Z">
    <groups>
    </groups>
    <test name="Default test" duration-ms="14915" started-at="2019-06-06T10:57:11Z" finished-at="2019-06-06T10:57:26Z">
      <class name="OpenBrowser">
        <test-method status="PASS" signature="openBrowser()[pri:0, instance:OpenBrowser@224edc67]" name="openBrowser" duration-ms="14870" started-at="2019-06-06T10:57:11Z" finished-at="2019-06-06T10:57:26Z">
          <reporter-output>
          </reporter-output>
        </test-method> <!-- openBrowser -->
      </class> <!-- OpenBrowser -->
    </test> <!-- Default test -->
  </suite> <!-- Default suite -->
</testng-results>
